2024-11-20 14:25:28,492 DEBUG    root            Loaded Command Group: ['gcloud', 'components']
2024-11-20 14:25:28,495 DEBUG    root            Loaded Command Group: ['gcloud', 'components', 'update']
2024-11-20 14:25:28,498 DEBUG    root            Running [gcloud.components.update] with arguments: [--quiet: "True", COMPONENT-IDS:8: "['gcloud', 'core', 'bq', 'gsutil', 'compute', 'preview', 'alpha', 'beta']"]
2024-11-20 14:25:28,500 INFO     ___FILE_ONLY___ Beginning update. This process may take several minutes.

2024-11-20 14:25:28,511 DEBUG    urllib3.connectionpool Starting new HTTPS connection (1): dl.google.com:443
2024-11-20 14:25:28,606 DEBUG    urllib3.connectionpool https://dl.google.com:443 "GET /dl/cloudsdk/channels/rapid/components-2.json HTTP/1.1" 200 227816
2024-11-20 14:25:28,632 WARNING  root            Component [compute] no longer exists.
2024-11-20 14:25:28,633 INFO     ___FILE_ONLY___ 

2024-11-20 14:25:28,634 INFO     ___FILE_ONLY___ 
Your current Google Cloud CLI version is: 502.0.0

2024-11-20 14:25:28,634 INFO     ___FILE_ONLY___ Installing components from version: 502.0.0

2024-11-20 14:25:28,634 INFO     ___FILE_ONLY___ 

2024-11-20 14:25:28,634 DEBUG    root            Chosen display Format:table[box,title="These components will be removed."](details.display_name:label=Name:align=left,version.version_string:label=Version:align=right,data.size.size(zero="",min=1048576):label=Size:align=right)
2024-11-20 14:25:28,635 DEBUG    root            Chosen display Format:table[box,title="These components will be updated."](details.display_name:label=Name:align=left,version.version_string:label=Version:align=right,data.size.size(zero="",min=1048576):label=Size:align=right)
2024-11-20 14:25:28,636 DEBUG    root            Chosen display Format:table[box,title="These components will be installed."](details.display_name:label=Name:align=left,version.version_string:label=Version:align=right,data.size.size(zero="",min=1048576):label=Size:align=right)
2024-11-20 14:25:28,659 INFO     ___FILE_ONLY___ ┌────────────────────────────────────────────────┐
2024-11-20 14:25:28,659 INFO     ___FILE_ONLY___ 

2024-11-20 14:25:28,659 INFO     ___FILE_ONLY___ │      These components will be installed.       │
2024-11-20 14:25:28,659 INFO     ___FILE_ONLY___ 

2024-11-20 14:25:28,659 INFO     ___FILE_ONLY___ ├─────────────────────────┬────────────┬─────────┤
2024-11-20 14:25:28,660 INFO     ___FILE_ONLY___ 

2024-11-20 14:25:28,660 INFO     ___FILE_ONLY___ │           Name          │  Version   │   Size  │
2024-11-20 14:25:28,660 INFO     ___FILE_ONLY___ 

2024-11-20 14:25:28,660 INFO     ___FILE_ONLY___ ├─────────────────────────┼────────────┼─────────┤
2024-11-20 14:25:28,660 INFO     ___FILE_ONLY___ 

2024-11-20 14:25:28,660 INFO     ___FILE_ONLY___ │ 
2024-11-20 14:25:28,660 INFO     ___FILE_ONLY___ gcloud Alpha Commands  
2024-11-20 14:25:28,660 INFO     ___FILE_ONLY___  
2024-11-20 14:25:28,660 INFO     ___FILE_ONLY___ │ 
2024-11-20 14:25:28,661 INFO     ___FILE_ONLY___ 2024.11.15
2024-11-20 14:25:28,661 INFO     ___FILE_ONLY___  
2024-11-20 14:25:28,661 INFO     ___FILE_ONLY___ │ 
2024-11-20 14:25:28,661 INFO     ___FILE_ONLY___ < 1 MiB
2024-11-20 14:25:28,661 INFO     ___FILE_ONLY___  
2024-11-20 14:25:28,661 INFO     ___FILE_ONLY___ │
2024-11-20 14:25:28,662 INFO     ___FILE_ONLY___ 

2024-11-20 14:25:28,662 INFO     ___FILE_ONLY___ │ 
2024-11-20 14:25:28,662 INFO     ___FILE_ONLY___ gcloud Beta Commands   
2024-11-20 14:25:28,662 INFO     ___FILE_ONLY___  
2024-11-20 14:25:28,662 INFO     ___FILE_ONLY___ │ 
2024-11-20 14:25:28,662 INFO     ___FILE_ONLY___ 2024.11.15
2024-11-20 14:25:28,663 INFO     ___FILE_ONLY___  
2024-11-20 14:25:28,663 INFO     ___FILE_ONLY___ │ 
2024-11-20 14:25:28,663 INFO     ___FILE_ONLY___ < 1 MiB
2024-11-20 14:25:28,663 INFO     ___FILE_ONLY___  
2024-11-20 14:25:28,663 INFO     ___FILE_ONLY___ │
2024-11-20 14:25:28,663 INFO     ___FILE_ONLY___ 

2024-11-20 14:25:28,663 INFO     ___FILE_ONLY___ │ 
2024-11-20 14:25:28,663 INFO     ___FILE_ONLY___ gcloud Preview Commands
2024-11-20 14:25:28,664 INFO     ___FILE_ONLY___  
2024-11-20 14:25:28,664 INFO     ___FILE_ONLY___ │ 
2024-11-20 14:25:28,664 INFO     ___FILE_ONLY___           
2024-11-20 14:25:28,664 INFO     ___FILE_ONLY___  
2024-11-20 14:25:28,664 INFO     ___FILE_ONLY___ │ 
2024-11-20 14:25:28,664 INFO     ___FILE_ONLY___ < 1 MiB
2024-11-20 14:25:28,664 INFO     ___FILE_ONLY___  
2024-11-20 14:25:28,664 INFO     ___FILE_ONLY___ │
2024-11-20 14:25:28,665 INFO     ___FILE_ONLY___ 

2024-11-20 14:25:28,665 INFO     ___FILE_ONLY___ └─────────────────────────┴────────────┴─────────┘
2024-11-20 14:25:28,665 INFO     ___FILE_ONLY___ 

2024-11-20 14:25:28,665 INFO     ___FILE_ONLY___ 

2024-11-20 14:25:28,669 DEBUG    urllib3.connectionpool Starting new HTTPS connection (1): dl.google.com:443
2024-11-20 14:25:28,794 DEBUG    urllib3.connectionpool https://dl.google.com:443 "GET /dl/cloudsdk/channels/rapid/RELEASE_NOTES HTTP/1.1" 200 1314602
2024-11-20 14:25:28,884 INFO     ___FILE_ONLY___ For the latest full release notes, please visit:
  https://cloud.google.com/sdk/release_notes


2024-11-20 14:25:28,884 INFO     ___FILE_ONLY___ Performing in place update...


2024-11-20 14:25:28,887 INFO     ___FILE_ONLY___ ╔════════════════════════════════════════════════════════════╗

2024-11-20 14:25:28,887 INFO     ___FILE_ONLY___ ╠═ Downloading: gcloud Alpha Commands                       ═╣

2024-11-20 14:25:28,888 INFO     ___FILE_ONLY___ ╚
2024-11-20 14:25:28,892 DEBUG    urllib3.connectionpool Starting new HTTPS connection (1): dl.google.com:443
2024-11-20 14:25:28,969 DEBUG    urllib3.connectionpool https://dl.google.com:443 "GET /dl/cloudsdk/channels/rapid/components/google-cloud-sdk-alpha-20241115154308.tar.gz HTTP/1.1" 200 800
2024-11-20 14:25:28,970 INFO     ___FILE_ONLY___ ════════════════════════════════════════════════════════════
2024-11-20 14:25:28,970 INFO     ___FILE_ONLY___ ╝

2024-11-20 14:25:28,973 INFO     ___FILE_ONLY___ ╔════════════════════════════════════════════════════════════╗

2024-11-20 14:25:28,973 INFO     ___FILE_ONLY___ ╠═ Downloading: gcloud Beta Commands                        ═╣

2024-11-20 14:25:28,974 INFO     ___FILE_ONLY___ ╚
2024-11-20 14:25:28,977 DEBUG    urllib3.connectionpool Starting new HTTPS connection (1): dl.google.com:443
2024-11-20 14:25:29,051 DEBUG    urllib3.connectionpool https://dl.google.com:443 "GET /dl/cloudsdk/channels/rapid/components/google-cloud-sdk-beta-20241115154308.tar.gz HTTP/1.1" 200 797
2024-11-20 14:25:29,052 INFO     ___FILE_ONLY___ ════════════════════════════════════════════════════════════
2024-11-20 14:25:29,052 INFO     ___FILE_ONLY___ ╝

2024-11-20 14:25:29,055 INFO     ___FILE_ONLY___ ╔════════════════════════════════════════════════════════════╗

2024-11-20 14:25:29,055 INFO     ___FILE_ONLY___ ╠═ Downloading: gcloud Preview Commands                     ═╣

2024-11-20 14:25:29,055 INFO     ___FILE_ONLY___ ╚
2024-11-20 14:25:29,059 DEBUG    urllib3.connectionpool Starting new HTTPS connection (1): dl.google.com:443
2024-11-20 14:25:29,185 DEBUG    urllib3.connectionpool https://dl.google.com:443 "GET /dl/cloudsdk/channels/rapid/components/google-cloud-sdk-preview-20241115154308.tar.gz HTTP/1.1" 200 823
2024-11-20 14:25:29,186 INFO     ___FILE_ONLY___ ════════════════════════════════════════════════════════════
2024-11-20 14:25:29,187 INFO     ___FILE_ONLY___ ╝

2024-11-20 14:25:29,189 INFO     ___FILE_ONLY___ ╔════════════════════════════════════════════════════════════╗

2024-11-20 14:25:29,189 INFO     ___FILE_ONLY___ ╠═ Installing: gcloud Alpha Commands                        ═╣

2024-11-20 14:25:29,190 INFO     ___FILE_ONLY___ ╚
2024-11-20 14:25:29,191 INFO     ___FILE_ONLY___ ════════════════════════════════════════════════════════════
2024-11-20 14:25:29,191 INFO     ___FILE_ONLY___ ╝

2024-11-20 14:25:29,205 INFO     ___FILE_ONLY___ ╔════════════════════════════════════════════════════════════╗

2024-11-20 14:25:29,206 INFO     ___FILE_ONLY___ ╠═ Installing: gcloud Beta Commands                         ═╣

2024-11-20 14:25:29,206 INFO     ___FILE_ONLY___ ╚
2024-11-20 14:25:29,207 INFO     ___FILE_ONLY___ ════════════════════════════════════════════════════════════
2024-11-20 14:25:29,207 INFO     ___FILE_ONLY___ ╝

2024-11-20 14:25:29,215 INFO     ___FILE_ONLY___ ╔════════════════════════════════════════════════════════════╗

2024-11-20 14:25:29,215 INFO     ___FILE_ONLY___ ╠═ Installing: gcloud Preview Commands                      ═╣

2024-11-20 14:25:29,215 INFO     ___FILE_ONLY___ ╚
2024-11-20 14:25:29,216 INFO     ___FILE_ONLY___ ════════════════════════════════════════════════════════════
2024-11-20 14:25:29,216 INFO     ___FILE_ONLY___ ╝

2024-11-20 14:25:29,227 DEBUG    root            Updating notification cache...
2024-11-20 14:25:29,228 INFO     ___FILE_ONLY___ 

2024-11-20 14:25:29,230 INFO     ___FILE_ONLY___ Performing post processing steps...
2024-11-20 14:25:29,231 DEBUG    root            Executing command: ['/tools/google-cloud-sdk/bin/gcloud', 'components', 'post-process']
2024-11-20 14:25:45,285 DEBUG    ___FILE_ONLY___ 
2024-11-20 14:25:45,285 DEBUG    ___FILE_ONLY___ 
2024-11-20 14:25:45,522 INFO     ___FILE_ONLY___ 
Update done!


2024-11-20 14:25:45,526 DEBUG    root            Chosen display Format:none
2024-11-20 14:25:45,526 INFO     root            Display format: "none"
